<?xml version="1.0" encoding="UTF-8"?>
<!-- Generated by org.testng.reporters.JUnitXMLReporter -->
<testsuite ignored="2" hostname="MSI" failures="1" tests="1" name="Default test(failed)" time="10.985" errors="0" timestamp="2022-09-18T23:18:43 IST">
  <testcase classname="test.LoginPageTest" name="zerodhaLoginTest" time="1.328">
    <failure type="java.lang.AssertionError" message="expected [true] but found [false]">
      <![CDATA[java.lang.AssertionError: expected [true] but found [false]
at test.LoginPageTest.zerodhaLoginTest(LoginPageTest.java:47)
at java.base/java.util.ArrayList.forEach(ArrayList.java:1511)
... Removed 29 stack frames]]>
    </failure>
  </testcase> <!-- zerodhaLoginTest -->
  <testcase classname="test.LoginPageTest" name="signUpPageTest" time="0.0">
    <ignored/>
  </testcase> <!-- signUpPageTest -->
  <testcase classname="test.LoginPageTest" name="forgotPageTest" time="0.0">
    <ignored/>
  </testcase> <!-- forgotPageTest -->
</testsuite> <!-- Default test(failed) -->
